2018-01-01 23:32:22 [scrapy.utils.log] INFO: Scrapy 1.5.0 started (bot: wikiSpider)
2018-01-01 23:32:22 [scrapy.utils.log] INFO: Versions: lxml 4.1.1.0, libxml2 2.9.7, cssselect 1.0.3, parsel 1.3.1, w3lib 1.18.0, Twisted 17.9.0, Python 3.6.2 (default, Sep 22 2017, 00:21:58) - [GCC 4.2.1 Compatible Apple LLVM 8.1.0 (clang-802.0.42)], pyOpenSSL 17.5.0 (OpenSSL 1.1.0g  2 Nov 2017), cryptography 2.1.4, Platform Darwin-17.3.0-x86_64-i386-64bit
2018-01-01 23:32:22 [scrapy.crawler] INFO: Overridden settings: {'BOT_NAME': 'wikiSpider', 'EDITOR': '/usr/local/bin/nvim', 'LOG_FILE': 'wiki.log', 'NEWSPIDER_MODULE': 'wikiSpider.spiders', 'ROBOTSTXT_OBEY': True, 'SPIDER_MODULES': ['wikiSpider.spiders']}
2018-01-01 23:32:22 [scrapy.middleware] INFO: Enabled extensions:
['scrapy.extensions.corestats.CoreStats',
 'scrapy.extensions.telnet.TelnetConsole',
 'scrapy.extensions.memusage.MemoryUsage',
 'scrapy.extensions.logstats.LogStats']
2018-01-01 23:32:22 [scrapy.middleware] INFO: Enabled downloader middlewares:
['scrapy.downloadermiddlewares.robotstxt.RobotsTxtMiddleware',
 'scrapy.downloadermiddlewares.httpauth.HttpAuthMiddleware',
 'scrapy.downloadermiddlewares.downloadtimeout.DownloadTimeoutMiddleware',
 'scrapy.downloadermiddlewares.defaultheaders.DefaultHeadersMiddleware',
 'scrapy.downloadermiddlewares.useragent.UserAgentMiddleware',
 'scrapy.downloadermiddlewares.retry.RetryMiddleware',
 'scrapy.downloadermiddlewares.redirect.MetaRefreshMiddleware',
 'scrapy.downloadermiddlewares.httpcompression.HttpCompressionMiddleware',
 'scrapy.downloadermiddlewares.redirect.RedirectMiddleware',
 'scrapy.downloadermiddlewares.cookies.CookiesMiddleware',
 'scrapy.downloadermiddlewares.httpproxy.HttpProxyMiddleware',
 'scrapy.downloadermiddlewares.stats.DownloaderStats']
2018-01-01 23:32:22 [scrapy.middleware] INFO: Enabled spider middlewares:
['scrapy.spidermiddlewares.httperror.HttpErrorMiddleware',
 'scrapy.spidermiddlewares.offsite.OffsiteMiddleware',
 'scrapy.spidermiddlewares.referer.RefererMiddleware',
 'scrapy.spidermiddlewares.urllength.UrlLengthMiddleware',
 'scrapy.spidermiddlewares.depth.DepthMiddleware']
2018-01-01 23:32:22 [scrapy.middleware] INFO: Enabled item pipelines:
[]
2018-01-01 23:32:22 [scrapy.core.engine] INFO: Spider opened
2018-01-01 23:32:22 [scrapy.extensions.logstats] INFO: Crawled 0 pages (at 0 pages/min), scraped 0 items (at 0 items/min)
2018-01-01 23:32:22 [scrapy.extensions.telnet] DEBUG: Telnet console listening on 127.0.0.1:6023
2018-01-01 23:32:22 [scrapy.downloadermiddlewares.redirect] DEBUG: Redirecting (301) to <GET https://en.wikipedia.org/robots.txt> from <GET http://en.wikipedia.org/robots.txt>
2018-01-01 23:32:23 [scrapy.core.engine] DEBUG: Crawled (200) <GET https://en.wikipedia.org/robots.txt> (referer: None)
2018-01-01 23:32:23 [scrapy.downloadermiddlewares.redirect] DEBUG: Redirecting (301) to <GET https://en.wikipedia.org/wiki/Main_Page> from <GET http://en.wikipedia.org/wiki/Main_Page>
2018-01-01 23:32:23 [scrapy.downloadermiddlewares.redirect] DEBUG: Redirecting (301) to <GET https://en.wikipedia.org/wiki/Python_%28programming_language%29> from <GET http://en.wikipedia.org/wiki/Python_%28programming_language%29>
2018-01-01 23:32:23 [scrapy.core.engine] DEBUG: Crawled (200) <GET https://en.wikipedia.org/wiki/Main_Page> (referer: None)
2018-01-01 23:32:23 [scrapy.core.scraper] DEBUG: Scraped from <200 https://en.wikipedia.org/wiki/Main_Page>
{'title': 'Main Page'}
2018-01-01 23:32:24 [scrapy.core.engine] DEBUG: Crawled (200) <GET https://en.wikipedia.org/wiki/Python_%28programming_language%29> (referer: None)
2018-01-01 23:32:24 [scrapy.core.scraper] DEBUG: Scraped from <200 https://en.wikipedia.org/wiki/Python_%28programming_language%29>
{'title': 'Python (programming language)'}
2018-01-01 23:32:24 [scrapy.core.engine] INFO: Closing spider (finished)
2018-01-01 23:32:24 [scrapy.statscollectors] INFO: Dumping Scrapy stats:
{'downloader/request_bytes': 1705,
 'downloader/request_count': 6,
 'downloader/request_method_count/GET': 6,
 'downloader/response_bytes': 99323,
 'downloader/response_count': 6,
 'downloader/response_status_count/200': 3,
 'downloader/response_status_count/301': 3,
 'finish_reason': 'finished',
 'finish_time': datetime.datetime(2018, 1, 1, 14, 32, 24, 854013),
 'item_scraped_count': 2,
 'log_count/DEBUG': 9,
 'log_count/INFO': 7,
 'memusage/max': 50257920,
 'memusage/startup': 50257920,
 'response_received_count': 3,
 'scheduler/dequeued': 4,
 'scheduler/dequeued/memory': 4,
 'scheduler/enqueued': 4,
 'scheduler/enqueued/memory': 4,
 'start_time': datetime.datetime(2018, 1, 1, 14, 32, 22, 708236)}
2018-01-01 23:32:24 [scrapy.core.engine] INFO: Spider closed (finished)
